<?xml version="1.0" encoding="UTF-8"?>
<testsuite xmlns:xsi="http://www.w3.org/2001/XMLSchema-instance" xsi:noNamespaceSchemaLocation="https://maven.apache.org/surefire/maven-surefire-plugin/xsd/surefire-test-report.xsd" name="cn.dyaoming.outman.rpc.junits.TestRpcClient" time="5.303" tests="1" errors="0" skipped="0" failures="0">
  <properties>
    <property name="sun.desktop" value="windows"/>
    <property name="awt.toolkit" value="sun.awt.windows.WToolkit"/>
    <property name="file.encoding.pkg" value="sun.io"/>
    <property name="java.specification.version" value="1.8"/>
    <property name="sun.cpu.isalist" value="amd64"/>
    <property name="sun.jnu.encoding" value="GBK"/>
    <property name="java.class.path" value="E:\workspaces\github\outman-boot\rpc-client\target\test-classes;E:\workspaces\github\outman-boot\rpc-client\target\classes;E:\JAVA\Maven\repo\cn\dyaoming\common\common-util\1.0.0-SNAPSHOT\common-util-1.0.0-SNAPSHOT.jar;E:\JAVA\Maven\repo\cn\dyaoming\common\common-core\1.0.0-SNAPSHOT\common-core-1.0.0-SNAPSHOT.jar;E:\JAVA\Maven\repo\org\slf4j\slf4j-api\1.7.26\slf4j-api-1.7.26.jar;E:\JAVA\Maven\repo\org\apache\logging\log4j\log4j-core\2.11.2\log4j-core-2.11.2.jar;E:\JAVA\Maven\repo\org\apache\logging\log4j\log4j-api\2.11.2\log4j-api-2.11.2.jar;E:\JAVA\Maven\repo\org\apache\logging\log4j\log4j-web\2.11.2\log4j-web-2.11.2.jar;E:\JAVA\Maven\repo\com\alibaba\fastjson\1.2.47\fastjson-1.2.47.jar;E:\JAVA\Maven\repo\org\springframework\spring-aspects\5.1.6.RELEASE\spring-aspects-5.1.6.RELEASE.jar;E:\JAVA\Maven\repo\org\aspectj\aspectjweaver\1.9.2\aspectjweaver-1.9.2.jar;E:\JAVA\Maven\repo\org\springframework\spring-context\5.1.6.RELEASE\spring-context-5.1.6.RELEASE.jar;E:\JAVA\Maven\repo\org\springframework\spring-aop\5.1.6.RELEASE\spring-aop-5.1.6.RELEASE.jar;E:\JAVA\Maven\repo\org\springframework\spring-beans\5.1.6.RELEASE\spring-beans-5.1.6.RELEASE.jar;E:\JAVA\Maven\repo\org\springframework\spring-expression\5.1.6.RELEASE\spring-expression-5.1.6.RELEASE.jar;E:\JAVA\Maven\repo\org\springframework\spring-context-support\5.1.6.RELEASE\spring-context-support-5.1.6.RELEASE.jar;E:\JAVA\Maven\repo\cn\dyaoming\outman\rpc-api\0.0.1-SNAPSHOT\rpc-api-0.0.1-SNAPSHOT.jar;E:\JAVA\Maven\repo\org\springframework\boot\spring-boot-starter-web\2.1.4.RELEASE\spring-boot-starter-web-2.1.4.RELEASE.jar;E:\JAVA\Maven\repo\org\springframework\boot\spring-boot-starter\2.1.4.RELEASE\spring-boot-starter-2.1.4.RELEASE.jar;E:\JAVA\Maven\repo\org\springframework\boot\spring-boot\2.1.4.RELEASE\spring-boot-2.1.4.RELEASE.jar;E:\JAVA\Maven\repo\org\springframework\boot\spring-boot-autoconfigure\2.1.4.RELEASE\spring-boot-autoconfigure-2.1.4.RELEASE.jar;E:\JAVA\Maven\repo\org\springframework\boot\spring-boot-starter-logging\2.1.4.RELEASE\spring-boot-starter-logging-2.1.4.RELEASE.jar;E:\JAVA\Maven\repo\ch\qos\logback\logback-classic\1.2.3\logback-classic-1.2.3.jar;E:\JAVA\Maven\repo\ch\qos\logback\logback-core\1.2.3\logback-core-1.2.3.jar;E:\JAVA\Maven\repo\org\apache\logging\log4j\log4j-to-slf4j\2.11.2\log4j-to-slf4j-2.11.2.jar;E:\JAVA\Maven\repo\org\slf4j\jul-to-slf4j\1.7.26\jul-to-slf4j-1.7.26.jar;E:\JAVA\Maven\repo\javax\annotation\javax.annotation-api\1.3.2\javax.annotation-api-1.3.2.jar;E:\JAVA\Maven\repo\org\yaml\snakeyaml\1.23\snakeyaml-1.23.jar;E:\JAVA\Maven\repo\org\springframework\boot\spring-boot-starter-json\2.1.4.RELEASE\spring-boot-starter-json-2.1.4.RELEASE.jar;E:\JAVA\Maven\repo\com\fasterxml\jackson\core\jackson-databind\2.9.8\jackson-databind-2.9.8.jar;E:\JAVA\Maven\repo\com\fasterxml\jackson\core\jackson-annotations\2.9.0\jackson-annotations-2.9.0.jar;E:\JAVA\Maven\repo\com\fasterxml\jackson\core\jackson-core\2.9.8\jackson-core-2.9.8.jar;E:\JAVA\Maven\repo\com\fasterxml\jackson\datatype\jackson-datatype-jdk8\2.9.8\jackson-datatype-jdk8-2.9.8.jar;E:\JAVA\Maven\repo\com\fasterxml\jackson\datatype\jackson-datatype-jsr310\2.9.8\jackson-datatype-jsr310-2.9.8.jar;E:\JAVA\Maven\repo\com\fasterxml\jackson\module\jackson-module-parameter-names\2.9.8\jackson-module-parameter-names-2.9.8.jar;E:\JAVA\Maven\repo\org\springframework\boot\spring-boot-starter-tomcat\2.1.4.RELEASE\spring-boot-starter-tomcat-2.1.4.RELEASE.jar;E:\JAVA\Maven\repo\org\apache\tomcat\embed\tomcat-embed-core\9.0.17\tomcat-embed-core-9.0.17.jar;E:\JAVA\Maven\repo\org\apache\tomcat\embed\tomcat-embed-el\9.0.17\tomcat-embed-el-9.0.17.jar;E:\JAVA\Maven\repo\org\apache\tomcat\embed\tomcat-embed-websocket\9.0.17\tomcat-embed-websocket-9.0.17.jar;E:\JAVA\Maven\repo\org\hibernate\validator\hibernate-validator\6.0.16.Final\hibernate-validator-6.0.16.Final.jar;E:\JAVA\Maven\repo\org\jboss\logging\jboss-logging\3.3.2.Final\jboss-logging-3.3.2.Final.jar;E:\JAVA\Maven\repo\com\fasterxml\classmate\1.4.0\classmate-1.4.0.jar;E:\JAVA\Maven\repo\org\springframework\spring-web\5.1.6.RELEASE\spring-web-5.1.6.RELEASE.jar;E:\JAVA\Maven\repo\org\springframework\spring-webmvc\5.1.6.RELEASE\spring-webmvc-5.1.6.RELEASE.jar;E:\JAVA\Maven\repo\org\springframework\boot\spring-boot-starter-test\2.1.4.RELEASE\spring-boot-starter-test-2.1.4.RELEASE.jar;E:\JAVA\Maven\repo\org\springframework\boot\spring-boot-test\2.1.4.RELEASE\spring-boot-test-2.1.4.RELEASE.jar;E:\JAVA\Maven\repo\org\springframework\boot\spring-boot-test-autoconfigure\2.1.4.RELEASE\spring-boot-test-autoconfigure-2.1.4.RELEASE.jar;E:\JAVA\Maven\repo\com\jayway\jsonpath\json-path\2.4.0\json-path-2.4.0.jar;E:\JAVA\Maven\repo\net\minidev\json-smart\2.3\json-smart-2.3.jar;E:\JAVA\Maven\repo\net\minidev\accessors-smart\1.2\accessors-smart-1.2.jar;E:\JAVA\Maven\repo\org\assertj\assertj-core\3.11.1\assertj-core-3.11.1.jar;E:\JAVA\Maven\repo\org\mockito\mockito-core\2.23.4\mockito-core-2.23.4.jar;E:\JAVA\Maven\repo\net\bytebuddy\byte-buddy\1.9.12\byte-buddy-1.9.12.jar;E:\JAVA\Maven\repo\net\bytebuddy\byte-buddy-agent\1.9.12\byte-buddy-agent-1.9.12.jar;E:\JAVA\Maven\repo\org\objenesis\objenesis\2.6\objenesis-2.6.jar;E:\JAVA\Maven\repo\org\hamcrest\hamcrest-core\1.3\hamcrest-core-1.3.jar;E:\JAVA\Maven\repo\org\hamcrest\hamcrest-library\1.3\hamcrest-library-1.3.jar;E:\JAVA\Maven\repo\org\skyscreamer\jsonassert\1.5.0\jsonassert-1.5.0.jar;E:\JAVA\Maven\repo\com\vaadin\external\google\android-json\0.0.20131108.vaadin1\android-json-0.0.20131108.vaadin1.jar;E:\JAVA\Maven\repo\org\springframework\spring-core\5.1.6.RELEASE\spring-core-5.1.6.RELEASE.jar;E:\JAVA\Maven\repo\org\springframework\spring-jcl\5.1.6.RELEASE\spring-jcl-5.1.6.RELEASE.jar;E:\JAVA\Maven\repo\org\springframework\spring-test\5.1.6.RELEASE\spring-test-5.1.6.RELEASE.jar;E:\JAVA\Maven\repo\org\xmlunit\xmlunit-core\2.6.2\xmlunit-core-2.6.2.jar;E:\JAVA\Maven\repo\org\apache\cxf\cxf-spring-boot-starter-jaxws\3.3.2\cxf-spring-boot-starter-jaxws-3.3.2.jar;E:\JAVA\Maven\repo\org\apache\cxf\cxf-spring-boot-autoconfigure\3.3.2\cxf-spring-boot-autoconfigure-3.3.2.jar;E:\JAVA\Maven\repo\org\apache\cxf\cxf-rt-transports-http\3.3.2\cxf-rt-transports-http-3.3.2.jar;E:\JAVA\Maven\repo\org\apache\cxf\cxf-core\3.3.2\cxf-core-3.3.2.jar;E:\JAVA\Maven\repo\org\glassfish\jaxb\jaxb-runtime\2.3.1\jaxb-runtime-2.3.1.jar;E:\JAVA\Maven\repo\javax\xml\bind\jaxb-api\2.3.1\jaxb-api-2.3.1.jar;E:\JAVA\Maven\repo\org\glassfish\jaxb\txw2\2.3.1\txw2-2.3.1.jar;E:\JAVA\Maven\repo\com\sun\istack\istack-commons-runtime\3.0.7\istack-commons-runtime-3.0.7.jar;E:\JAVA\Maven\repo\org\jvnet\staxex\stax-ex\1.8\stax-ex-1.8.jar;E:\JAVA\Maven\repo\com\sun\xml\fastinfoset\FastInfoset\1.2.15\FastInfoset-1.2.15.jar;E:\JAVA\Maven\repo\javax\activation\javax.activation-api\1.2.0\javax.activation-api-1.2.0.jar;E:\JAVA\Maven\repo\com\fasterxml\woodstox\woodstox-core\5.0.3\woodstox-core-5.0.3.jar;E:\JAVA\Maven\repo\org\codehaus\woodstox\stax2-api\3.1.4\stax2-api-3.1.4.jar;E:\JAVA\Maven\repo\org\apache\ws\xmlschema\xmlschema-core\2.2.4\xmlschema-core-2.2.4.jar;E:\JAVA\Maven\repo\org\glassfish\jaxb\jaxb-xjc\2.3.2\jaxb-xjc-2.3.2.jar;E:\JAVA\Maven\repo\org\glassfish\jaxb\xsom\2.3.2\xsom-2.3.2.jar;E:\JAVA\Maven\repo\org\glassfish\jaxb\codemodel\2.3.2\codemodel-2.3.2.jar;E:\JAVA\Maven\repo\com\sun\xml\bind\external\rngom\2.3.2\rngom-2.3.2.jar;E:\JAVA\Maven\repo\com\sun\xml\dtd-parser\dtd-parser\1.4.1\dtd-parser-1.4.1.jar;E:\JAVA\Maven\repo\com\sun\istack\istack-commons-tools\3.0.8\istack-commons-tools-3.0.8.jar;E:\JAVA\Maven\repo\org\apache\ant\ant\1.10.5\ant-1.10.5.jar;E:\JAVA\Maven\repo\org\apache\ant\ant-launcher\1.10.5\ant-launcher-1.10.5.jar;E:\JAVA\Maven\repo\com\sun\xml\bind\external\relaxng-datatype\2.3.2\relaxng-datatype-2.3.2.jar;E:\JAVA\Maven\repo\jakarta\xml\bind\jakarta.xml.bind-api\2.3.2\jakarta.xml.bind-api-2.3.2.jar;E:\JAVA\Maven\repo\jakarta\activation\jakarta.activation-api\1.2.1\jakarta.activation-api-1.2.1.jar;E:\JAVA\Maven\repo\org\apache\cxf\cxf-rt-frontend-jaxws\3.3.2\cxf-rt-frontend-jaxws-3.3.2.jar;E:\JAVA\Maven\repo\xml-resolver\xml-resolver\1.2\xml-resolver-1.2.jar;E:\JAVA\Maven\repo\org\ow2\asm\asm\7.0\asm-7.0.jar;E:\JAVA\Maven\repo\org\apache\cxf\cxf-rt-bindings-soap\3.3.2\cxf-rt-bindings-soap-3.3.2.jar;E:\JAVA\Maven\repo\org\apache\cxf\cxf-rt-wsdl\3.3.2\cxf-rt-wsdl-3.3.2.jar;E:\JAVA\Maven\repo\wsdl4j\wsdl4j\1.6.3\wsdl4j-1.6.3.jar;E:\JAVA\Maven\repo\org\apache\cxf\cxf-rt-databinding-jaxb\3.3.2\cxf-rt-databinding-jaxb-3.3.2.jar;E:\JAVA\Maven\repo\org\apache\cxf\cxf-rt-bindings-xml\3.3.2\cxf-rt-bindings-xml-3.3.2.jar;E:\JAVA\Maven\repo\org\apache\cxf\cxf-rt-frontend-simple\3.3.2\cxf-rt-frontend-simple-3.3.2.jar;E:\JAVA\Maven\repo\org\apache\cxf\cxf-rt-ws-addr\3.3.2\cxf-rt-ws-addr-3.3.2.jar;E:\JAVA\Maven\repo\org\apache\cxf\cxf-rt-ws-policy\3.3.2\cxf-rt-ws-policy-3.3.2.jar;E:\JAVA\Maven\repo\org\apache\neethi\neethi\3.1.1\neethi-3.1.1.jar;E:\JAVA\Maven\repo\javax\validation\validation-api\2.0.1.Final\validation-api-2.0.1.Final.jar;E:\JAVA\Maven\repo\junit\junit\4.12\junit-4.12.jar;"/>
    <property name="java.vm.vendor" value="Oracle Corporation"/>
    <property name="sun.arch.data.model" value="64"/>
    <property name="user.variant" value=""/>
    <property name="java.vendor.url" value="http://java.oracle.com/"/>
    <property name="user.timezone" value="Asia/Shanghai"/>
    <property name="java.vm.specification.version" value="1.8"/>
    <property name="os.name" value="Windows 10"/>
    <property name="user.country" value="CN"/>
    <property name="sun.java.launcher" value="SUN_STANDARD"/>
    <property name="sun.boot.library.path" value="D:\Java\Jdk\jdk1.8.0_192\jre\bin"/>
    <property name="sun.java.command" value="C:\Users\DYAOMING\AppData\Local\Temp\surefire6481721924187225780\surefirebooter3669519081084996794.jar C:\Users\DYAOMING\AppData\Local\Temp\surefire6481721924187225780 2019-06-05T17-00-23_748-jvmRun1 surefire7329424124099200141tmp surefire_08851136684674907134tmp"/>
    <property name="surefire.test.class.path" value="E:\workspaces\github\outman-boot\rpc-client\target\test-classes;E:\workspaces\github\outman-boot\rpc-client\target\classes;E:\JAVA\Maven\repo\cn\dyaoming\common\common-util\1.0.0-SNAPSHOT\common-util-1.0.0-SNAPSHOT.jar;E:\JAVA\Maven\repo\cn\dyaoming\common\common-core\1.0.0-SNAPSHOT\common-core-1.0.0-SNAPSHOT.jar;E:\JAVA\Maven\repo\org\slf4j\slf4j-api\1.7.26\slf4j-api-1.7.26.jar;E:\JAVA\Maven\repo\org\apache\logging\log4j\log4j-core\2.11.2\log4j-core-2.11.2.jar;E:\JAVA\Maven\repo\org\apache\logging\log4j\log4j-api\2.11.2\log4j-api-2.11.2.jar;E:\JAVA\Maven\repo\org\apache\logging\log4j\log4j-web\2.11.2\log4j-web-2.11.2.jar;E:\JAVA\Maven\repo\com\alibaba\fastjson\1.2.47\fastjson-1.2.47.jar;E:\JAVA\Maven\repo\org\springframework\spring-aspects\5.1.6.RELEASE\spring-aspects-5.1.6.RELEASE.jar;E:\JAVA\Maven\repo\org\aspectj\aspectjweaver\1.9.2\aspectjweaver-1.9.2.jar;E:\JAVA\Maven\repo\org\springframework\spring-context\5.1.6.RELEASE\spring-context-5.1.6.RELEASE.jar;E:\JAVA\Maven\repo\org\springframework\spring-aop\5.1.6.RELEASE\spring-aop-5.1.6.RELEASE.jar;E:\JAVA\Maven\repo\org\springframework\spring-beans\5.1.6.RELEASE\spring-beans-5.1.6.RELEASE.jar;E:\JAVA\Maven\repo\org\springframework\spring-expression\5.1.6.RELEASE\spring-expression-5.1.6.RELEASE.jar;E:\JAVA\Maven\repo\org\springframework\spring-context-support\5.1.6.RELEASE\spring-context-support-5.1.6.RELEASE.jar;E:\JAVA\Maven\repo\cn\dyaoming\outman\rpc-api\0.0.1-SNAPSHOT\rpc-api-0.0.1-SNAPSHOT.jar;E:\JAVA\Maven\repo\org\springframework\boot\spring-boot-starter-web\2.1.4.RELEASE\spring-boot-starter-web-2.1.4.RELEASE.jar;E:\JAVA\Maven\repo\org\springframework\boot\spring-boot-starter\2.1.4.RELEASE\spring-boot-starter-2.1.4.RELEASE.jar;E:\JAVA\Maven\repo\org\springframework\boot\spring-boot\2.1.4.RELEASE\spring-boot-2.1.4.RELEASE.jar;E:\JAVA\Maven\repo\org\springframework\boot\spring-boot-autoconfigure\2.1.4.RELEASE\spring-boot-autoconfigure-2.1.4.RELEASE.jar;E:\JAVA\Maven\repo\org\springframework\boot\spring-boot-starter-logging\2.1.4.RELEASE\spring-boot-starter-logging-2.1.4.RELEASE.jar;E:\JAVA\Maven\repo\ch\qos\logback\logback-classic\1.2.3\logback-classic-1.2.3.jar;E:\JAVA\Maven\repo\ch\qos\logback\logback-core\1.2.3\logback-core-1.2.3.jar;E:\JAVA\Maven\repo\org\apache\logging\log4j\log4j-to-slf4j\2.11.2\log4j-to-slf4j-2.11.2.jar;E:\JAVA\Maven\repo\org\slf4j\jul-to-slf4j\1.7.26\jul-to-slf4j-1.7.26.jar;E:\JAVA\Maven\repo\javax\annotation\javax.annotation-api\1.3.2\javax.annotation-api-1.3.2.jar;E:\JAVA\Maven\repo\org\yaml\snakeyaml\1.23\snakeyaml-1.23.jar;E:\JAVA\Maven\repo\org\springframework\boot\spring-boot-starter-json\2.1.4.RELEASE\spring-boot-starter-json-2.1.4.RELEASE.jar;E:\JAVA\Maven\repo\com\fasterxml\jackson\core\jackson-databind\2.9.8\jackson-databind-2.9.8.jar;E:\JAVA\Maven\repo\com\fasterxml\jackson\core\jackson-annotations\2.9.0\jackson-annotations-2.9.0.jar;E:\JAVA\Maven\repo\com\fasterxml\jackson\core\jackson-core\2.9.8\jackson-core-2.9.8.jar;E:\JAVA\Maven\repo\com\fasterxml\jackson\datatype\jackson-datatype-jdk8\2.9.8\jackson-datatype-jdk8-2.9.8.jar;E:\JAVA\Maven\repo\com\fasterxml\jackson\datatype\jackson-datatype-jsr310\2.9.8\jackson-datatype-jsr310-2.9.8.jar;E:\JAVA\Maven\repo\com\fasterxml\jackson\module\jackson-module-parameter-names\2.9.8\jackson-module-parameter-names-2.9.8.jar;E:\JAVA\Maven\repo\org\springframework\boot\spring-boot-starter-tomcat\2.1.4.RELEASE\spring-boot-starter-tomcat-2.1.4.RELEASE.jar;E:\JAVA\Maven\repo\org\apache\tomcat\embed\tomcat-embed-core\9.0.17\tomcat-embed-core-9.0.17.jar;E:\JAVA\Maven\repo\org\apache\tomcat\embed\tomcat-embed-el\9.0.17\tomcat-embed-el-9.0.17.jar;E:\JAVA\Maven\repo\org\apache\tomcat\embed\tomcat-embed-websocket\9.0.17\tomcat-embed-websocket-9.0.17.jar;E:\JAVA\Maven\repo\org\hibernate\validator\hibernate-validator\6.0.16.Final\hibernate-validator-6.0.16.Final.jar;E:\JAVA\Maven\repo\org\jboss\logging\jboss-logging\3.3.2.Final\jboss-logging-3.3.2.Final.jar;E:\JAVA\Maven\repo\com\fasterxml\classmate\1.4.0\classmate-1.4.0.jar;E:\JAVA\Maven\repo\org\springframework\spring-web\5.1.6.RELEASE\spring-web-5.1.6.RELEASE.jar;E:\JAVA\Maven\repo\org\springframework\spring-webmvc\5.1.6.RELEASE\spring-webmvc-5.1.6.RELEASE.jar;E:\JAVA\Maven\repo\org\springframework\boot\spring-boot-starter-test\2.1.4.RELEASE\spring-boot-starter-test-2.1.4.RELEASE.jar;E:\JAVA\Maven\repo\org\springframework\boot\spring-boot-test\2.1.4.RELEASE\spring-boot-test-2.1.4.RELEASE.jar;E:\JAVA\Maven\repo\org\springframework\boot\spring-boot-test-autoconfigure\2.1.4.RELEASE\spring-boot-test-autoconfigure-2.1.4.RELEASE.jar;E:\JAVA\Maven\repo\com\jayway\jsonpath\json-path\2.4.0\json-path-2.4.0.jar;E:\JAVA\Maven\repo\net\minidev\json-smart\2.3\json-smart-2.3.jar;E:\JAVA\Maven\repo\net\minidev\accessors-smart\1.2\accessors-smart-1.2.jar;E:\JAVA\Maven\repo\org\assertj\assertj-core\3.11.1\assertj-core-3.11.1.jar;E:\JAVA\Maven\repo\org\mockito\mockito-core\2.23.4\mockito-core-2.23.4.jar;E:\JAVA\Maven\repo\net\bytebuddy\byte-buddy\1.9.12\byte-buddy-1.9.12.jar;E:\JAVA\Maven\repo\net\bytebuddy\byte-buddy-agent\1.9.12\byte-buddy-agent-1.9.12.jar;E:\JAVA\Maven\repo\org\objenesis\objenesis\2.6\objenesis-2.6.jar;E:\JAVA\Maven\repo\org\hamcrest\hamcrest-core\1.3\hamcrest-core-1.3.jar;E:\JAVA\Maven\repo\org\hamcrest\hamcrest-library\1.3\hamcrest-library-1.3.jar;E:\JAVA\Maven\repo\org\skyscreamer\jsonassert\1.5.0\jsonassert-1.5.0.jar;E:\JAVA\Maven\repo\com\vaadin\external\google\android-json\0.0.20131108.vaadin1\android-json-0.0.20131108.vaadin1.jar;E:\JAVA\Maven\repo\org\springframework\spring-core\5.1.6.RELEASE\spring-core-5.1.6.RELEASE.jar;E:\JAVA\Maven\repo\org\springframework\spring-jcl\5.1.6.RELEASE\spring-jcl-5.1.6.RELEASE.jar;E:\JAVA\Maven\repo\org\springframework\spring-test\5.1.6.RELEASE\spring-test-5.1.6.RELEASE.jar;E:\JAVA\Maven\repo\org\xmlunit\xmlunit-core\2.6.2\xmlunit-core-2.6.2.jar;E:\JAVA\Maven\repo\org\apache\cxf\cxf-spring-boot-starter-jaxws\3.3.2\cxf-spring-boot-starter-jaxws-3.3.2.jar;E:\JAVA\Maven\repo\org\apache\cxf\cxf-spring-boot-autoconfigure\3.3.2\cxf-spring-boot-autoconfigure-3.3.2.jar;E:\JAVA\Maven\repo\org\apache\cxf\cxf-rt-transports-http\3.3.2\cxf-rt-transports-http-3.3.2.jar;E:\JAVA\Maven\repo\org\apache\cxf\cxf-core\3.3.2\cxf-core-3.3.2.jar;E:\JAVA\Maven\repo\org\glassfish\jaxb\jaxb-runtime\2.3.1\jaxb-runtime-2.3.1.jar;E:\JAVA\Maven\repo\javax\xml\bind\jaxb-api\2.3.1\jaxb-api-2.3.1.jar;E:\JAVA\Maven\repo\org\glassfish\jaxb\txw2\2.3.1\txw2-2.3.1.jar;E:\JAVA\Maven\repo\com\sun\istack\istack-commons-runtime\3.0.7\istack-commons-runtime-3.0.7.jar;E:\JAVA\Maven\repo\org\jvnet\staxex\stax-ex\1.8\stax-ex-1.8.jar;E:\JAVA\Maven\repo\com\sun\xml\fastinfoset\FastInfoset\1.2.15\FastInfoset-1.2.15.jar;E:\JAVA\Maven\repo\javax\activation\javax.activation-api\1.2.0\javax.activation-api-1.2.0.jar;E:\JAVA\Maven\repo\com\fasterxml\woodstox\woodstox-core\5.0.3\woodstox-core-5.0.3.jar;E:\JAVA\Maven\repo\org\codehaus\woodstox\stax2-api\3.1.4\stax2-api-3.1.4.jar;E:\JAVA\Maven\repo\org\apache\ws\xmlschema\xmlschema-core\2.2.4\xmlschema-core-2.2.4.jar;E:\JAVA\Maven\repo\org\glassfish\jaxb\jaxb-xjc\2.3.2\jaxb-xjc-2.3.2.jar;E:\JAVA\Maven\repo\org\glassfish\jaxb\xsom\2.3.2\xsom-2.3.2.jar;E:\JAVA\Maven\repo\org\glassfish\jaxb\codemodel\2.3.2\codemodel-2.3.2.jar;E:\JAVA\Maven\repo\com\sun\xml\bind\external\rngom\2.3.2\rngom-2.3.2.jar;E:\JAVA\Maven\repo\com\sun\xml\dtd-parser\dtd-parser\1.4.1\dtd-parser-1.4.1.jar;E:\JAVA\Maven\repo\com\sun\istack\istack-commons-tools\3.0.8\istack-commons-tools-3.0.8.jar;E:\JAVA\Maven\repo\org\apache\ant\ant\1.10.5\ant-1.10.5.jar;E:\JAVA\Maven\repo\org\apache\ant\ant-launcher\1.10.5\ant-launcher-1.10.5.jar;E:\JAVA\Maven\repo\com\sun\xml\bind\external\relaxng-datatype\2.3.2\relaxng-datatype-2.3.2.jar;E:\JAVA\Maven\repo\jakarta\xml\bind\jakarta.xml.bind-api\2.3.2\jakarta.xml.bind-api-2.3.2.jar;E:\JAVA\Maven\repo\jakarta\activation\jakarta.activation-api\1.2.1\jakarta.activation-api-1.2.1.jar;E:\JAVA\Maven\repo\org\apache\cxf\cxf-rt-frontend-jaxws\3.3.2\cxf-rt-frontend-jaxws-3.3.2.jar;E:\JAVA\Maven\repo\xml-resolver\xml-resolver\1.2\xml-resolver-1.2.jar;E:\JAVA\Maven\repo\org\ow2\asm\asm\7.0\asm-7.0.jar;E:\JAVA\Maven\repo\org\apache\cxf\cxf-rt-bindings-soap\3.3.2\cxf-rt-bindings-soap-3.3.2.jar;E:\JAVA\Maven\repo\org\apache\cxf\cxf-rt-wsdl\3.3.2\cxf-rt-wsdl-3.3.2.jar;E:\JAVA\Maven\repo\wsdl4j\wsdl4j\1.6.3\wsdl4j-1.6.3.jar;E:\JAVA\Maven\repo\org\apache\cxf\cxf-rt-databinding-jaxb\3.3.2\cxf-rt-databinding-jaxb-3.3.2.jar;E:\JAVA\Maven\repo\org\apache\cxf\cxf-rt-bindings-xml\3.3.2\cxf-rt-bindings-xml-3.3.2.jar;E:\JAVA\Maven\repo\org\apache\cxf\cxf-rt-frontend-simple\3.3.2\cxf-rt-frontend-simple-3.3.2.jar;E:\JAVA\Maven\repo\org\apache\cxf\cxf-rt-ws-addr\3.3.2\cxf-rt-ws-addr-3.3.2.jar;E:\JAVA\Maven\repo\org\apache\cxf\cxf-rt-ws-policy\3.3.2\cxf-rt-ws-policy-3.3.2.jar;E:\JAVA\Maven\repo\org\apache\neethi\neethi\3.1.1\neethi-3.1.1.jar;E:\JAVA\Maven\repo\javax\validation\validation-api\2.0.1.Final\validation-api-2.0.1.Final.jar;E:\JAVA\Maven\repo\junit\junit\4.12\junit-4.12.jar;"/>
    <property name="sun.cpu.endian" value="little"/>
    <property name="user.home" value="C:\Users\DYAOMING"/>
    <property name="user.language" value="zh"/>
    <property name="java.specification.vendor" value="Oracle Corporation"/>
    <property name="java.home" value="D:\Java\Jdk\jdk1.8.0_192\jre"/>
    <property name="basedir" value="E:\workspaces\github\outman-boot\rpc-client"/>
    <property name="file.separator" value="\"/>
    <property name="line.separator" value="&#10;"/>
    <property name="java.vm.specification.vendor" value="Oracle Corporation"/>
    <property name="java.specification.name" value="Java Platform API Specification"/>
    <property name="java.awt.graphicsenv" value="sun.awt.Win32GraphicsEnvironment"/>
    <property name="surefire.real.class.path" value="C:\Users\DYAOMING\AppData\Local\Temp\surefire6481721924187225780\surefirebooter3669519081084996794.jar"/>
    <property name="sun.boot.class.path" value="D:\Java\Jdk\jdk1.8.0_192\jre\lib\resources.jar;D:\Java\Jdk\jdk1.8.0_192\jre\lib\rt.jar;D:\Java\Jdk\jdk1.8.0_192\jre\lib\sunrsasign.jar;D:\Java\Jdk\jdk1.8.0_192\jre\lib\jsse.jar;D:\Java\Jdk\jdk1.8.0_192\jre\lib\jce.jar;D:\Java\Jdk\jdk1.8.0_192\jre\lib\charsets.jar;D:\Java\Jdk\jdk1.8.0_192\jre\lib\jfr.jar;D:\Java\Jdk\jdk1.8.0_192\jre\classes"/>
    <property name="user.script" value=""/>
    <property name="sun.management.compiler" value="HotSpot 64-Bit Tiered Compilers"/>
    <property name="java.runtime.version" value="1.8.0_192-b12"/>
    <property name="user.name" value="DYAOMING"/>
    <property name="path.separator" value=";"/>
    <property name="os.version" value="10.0"/>
    <property name="java.endorsed.dirs" value="D:\Java\Jdk\jdk1.8.0_192\jre\lib\endorsed"/>
    <property name="java.runtime.name" value="Java(TM) SE Runtime Environment"/>
    <property name="file.encoding" value="GBK"/>
    <property name="java.vm.name" value="Java HotSpot(TM) 64-Bit Server VM"/>
    <property name="localRepository" value="E:\JAVA\Maven\repo"/>
    <property name="java.vendor.url.bug" value="http://bugreport.sun.com/bugreport/"/>
    <property name="java.io.tmpdir" value="C:\Users\DYAOMING\AppData\Local\Temp\"/>
    <property name="idea.version" value="2018.3.2"/>
    <property name="java.version" value="1.8.0_192"/>
    <property name="user.dir" value="E:\workspaces\github\outman-boot\rpc-client"/>
    <property name="os.arch" value="amd64"/>
    <property name="java.vm.specification.name" value="Java Virtual Machine Specification"/>
    <property name="java.awt.printerjob" value="sun.awt.windows.WPrinterJob"/>
    <property name="sun.os.patch.level" value=""/>
    <property name="java.library.path" value="D:\Java\Jdk\jdk1.8.0_192\jre\bin;C:\WINDOWS\Sun\Java\bin;C:\WINDOWS\system32;C:\WINDOWS;D:\Java\Jdk\jdk1.8.0_181\jre\bin;D:\Java\Jdk\jdk1.8.0_181\bin;E:\oracle\product\instantclient_11_2;E:\oracle\product\11.2.0\dbhome\bin;D:\Java\gradle\gradle-5.1-rc-2\bin;D:\Java\Maven\apache-maven-3.6.0\bin;C:\WINDOWS\system32;C:\WINDOWS;C:\WINDOWS\System32\Wbem;C:\WINDOWS\System32\WindowsPowerShell\v1.0\;C:\WINDOWS\System32\OpenSSH\;D:\java\nodejs\;D:\Program Files\VisualSVN Server\bin;D:\Program Files\TortoiseSVN\bin;E:\Program Files (x86)\Gpg4win\..\GnuPG\bin;D:\Program Files\Git\cmd;D:\Program Files\TortoiseGit\bin;C:\Program Files (x86)\Windows Kits\8.1\Windows Performance Toolkit\;D:\Java\Redis\Ruby25-x64\bin;C:\Users\DYAOMING\AppData\Local\Microsoft\WindowsApps;C:\Users\DYAOMING\AppData\Local\GitHubDesktop\bin;C:\Users\DYAOMING\AppData\Roaming\npm;."/>
    <property name="java.vm.info" value="mixed mode"/>
    <property name="java.vendor" value="Oracle Corporation"/>
    <property name="java.vm.version" value="25.192-b12"/>
    <property name="java.ext.dirs" value="D:\Java\Jdk\jdk1.8.0_192\jre\lib\ext;C:\WINDOWS\Sun\Java\lib\ext"/>
    <property name="sun.io.unicode.encoding" value="UnicodeLittle"/>
    <property name="java.class.version" value="52.0"/>
  </properties>
  <testcase name="xixi" classname="cn.dyaoming.outman.rpc.junits.TestRpcClient" time="2.415"/>
</testsuite>